--------- Compiling localization/ublox/ublox_protos/ublox_protos/fix_status.proto ---------
--------- Compiling localization/ublox/ublox_protos/ublox_protos/gps_status.proto ---------
--------- Compiling payload/sbai_api_protos/sbai_api_protos/boom_service.proto ---------
--------- Compiling payload/sbai_api_protos/sbai_api_protos/navigate_to_pose_service.proto ---------
--------- Compiling payload/sbai_api_protos/sbai_api_protos/state_change_service.proto ---------
--------- Compiling payload/sbai_api_protos/sbai_api_protos/teleop_service.proto ---------
--------- Compiling ros2_interfaces/sbai_behavior_protos/sbai_behavior_protos/active_behavior_states.proto ---------
--------- Compiling ros2_interfaces/sbai_behavior_protos/sbai_behavior_protos/area_coverage_parameters.proto ---------
--------- Compiling ros2_interfaces/sbai_behavior_protos/sbai_behavior_protos/behavior_control_command.proto ---------
--------- Compiling ros2_interfaces/sbai_behavior_protos/sbai_behavior_protos/behavior_execution_state.proto ---------
--------- Compiling ros2_interfaces/sbai_behavior_protos/sbai_behavior_protos/behavior_request.proto ---------
--------- Compiling ros2_interfaces/sbai_behavior_protos/sbai_behavior_protos/behavior_request_queue.proto ---------
--------- Compiling ros2_interfaces/sbai_behavior_protos/sbai_behavior_protos/behavior_status.proto ---------
--------- Compiling ros2_interfaces/sbai_behavior_protos/sbai_behavior_protos/completed_behaviors.proto ---------
--------- Compiling ros2_interfaces/sbai_behavior_protos/sbai_behavior_protos/defend_parameters.proto ---------
--------- Compiling ros2_interfaces/sbai_behavior_protos/sbai_behavior_protos/line_formation_parameters.proto ---------
--------- Compiling ros2_interfaces/sbai_behavior_protos/sbai_behavior_protos/multi_waypoint_navigation_parameters.proto ---------
--------- Compiling ros2_interfaces/sbai_behavior_protos/sbai_behavior_protos/navigate_to_pose_request.proto ---------
--------- Compiling ros2_interfaces/sbai_behavior_protos/sbai_behavior_protos/rally_parameters.proto ---------
--------- Compiling ros2_interfaces/sbai_behavior_protos/sbai_behavior_protos/raptor_parameters.proto ---------
--------- Compiling ros2_interfaces/sbai_behavior_protos/sbai_behavior_protos/surround_parameters.proto ---------
--------- Compiling ros2_interfaces/sbai_behavior_protos/sbai_behavior_protos/swarm_map_consensus_data.proto ---------
--------- Compiling ros2_interfaces/sbai_behavior_protos/sbai_behavior_protos/swarm_map_data.proto ---------
--------- Compiling ros2_interfaces/sbai_builtin_protos/sbai_builtin_protos/duration.proto ---------
--------- Compiling ros2_interfaces/sbai_builtin_protos/sbai_builtin_protos/time.proto ---------
--------- Compiling ros2_interfaces/sbai_control_protos/sbai_control_protos/boom_button_command.proto ---------
--------- Compiling ros2_interfaces/sbai_control_protos/sbai_control_protos/boom_button_status.proto ---------
--------- Compiling ros2_interfaces/sbai_control_protos/sbai_control_protos/can_status.proto ---------
--------- Compiling ros2_interfaces/sbai_control_protos/sbai_control_protos/ecu_status.proto ---------
--------- Compiling ros2_interfaces/sbai_control_protos/sbai_control_protos/emergency_stop_status.proto ---------
--------- Compiling ros2_interfaces/sbai_control_protos/sbai_control_protos/parking_brake_command.proto ---------
--------- Compiling ros2_interfaces/sbai_cortex_protos/sbai_cortex_protos/cortex_state_update.proto ---------
--------- Compiling ros2_interfaces/sbai_cortex_protos/sbai_cortex_protos/state_change_result.proto ---------
--------- Compiling ros2_interfaces/sbai_event_annotation_protos/sbai_event_annotation_protos/event_tag_request.proto ---------
--------- Compiling ros2_interfaces/sbai_geographic_protos/sbai_geographic_protos/geo_path.proto ---------
--------- Compiling ros2_interfaces/sbai_geographic_protos/sbai_geographic_protos/geo_point.proto ---------
--------- Compiling ros2_interfaces/sbai_geographic_protos/sbai_geographic_protos/geo_pose.proto ---------
--------- Compiling ros2_interfaces/sbai_geographic_protos/sbai_geographic_protos/geo_pose_stamped.proto ---------
--------- Compiling ros2_interfaces/sbai_geometry_protos/sbai_geometry_protos/point.proto ---------
--------- Compiling ros2_interfaces/sbai_geometry_protos/sbai_geometry_protos/pose.proto ---------
--------- Compiling ros2_interfaces/sbai_geometry_protos/sbai_geometry_protos/pose_stamped.proto ---------
--------- Compiling ros2_interfaces/sbai_geometry_protos/sbai_geometry_protos/quaternion.proto ---------
--------- Compiling ros2_interfaces/sbai_geometry_protos/sbai_geometry_protos/transform.proto ---------
--------- Compiling ros2_interfaces/sbai_geometry_protos/sbai_geometry_protos/transform_stamped.proto ---------
--------- Compiling ros2_interfaces/sbai_geometry_protos/sbai_geometry_protos/twist.proto ---------
--------- Compiling ros2_interfaces/sbai_geometry_protos/sbai_geometry_protos/vector3.proto ---------
--------- Compiling ros2_interfaces/sbai_network_protos/sbai_network_protos/cell_metrics.proto ---------
--------- Compiling ros2_interfaces/sbai_network_protos/sbai_network_protos/full_path_metrics.proto ---------
--------- Compiling ros2_interfaces/sbai_network_protos/sbai_network_protos/satellite_metrics.proto ---------
--------- Compiling ros2_interfaces/sbai_network_protos/sbai_network_protos/starlink_status.proto ---------
--------- Compiling ros2_interfaces/sbai_network_protos/sbai_network_protos/zerotier_connection.proto ---------
--------- Compiling ros2_interfaces/sbai_perception_protos/sbai_perception_protos/oak_status.proto ---------
--------- Compiling ros2_interfaces/sbai_perception_protos/sbai_perception_protos/terrain_map_status.proto ---------
--------- Compiling ros2_interfaces/sbai_protos/sbai_protos/aggregated_table.proto ---------
--------- Compiling ros2_interfaces/sbai_protos/sbai_protos/area_coverage_request.proto ---------
--------- Compiling ros2_interfaces/sbai_protos/sbai_protos/behavior_control_command.proto ---------
--------- Compiling ros2_interfaces/sbai_protos/sbai_protos/behavior_service.proto ---------
--------- Compiling ros2_interfaces/sbai_protos/sbai_protos/boom_button_command.proto ---------
--------- Compiling ros2_interfaces/sbai_protos/sbai_protos/data_service.proto ---------
--------- Compiling ros2_interfaces/sbai_protos/sbai_protos/defend_request.proto ---------
--------- Compiling ros2_interfaces/sbai_protos/sbai_protos/direct_control_command.proto ---------
--------- Compiling ros2_interfaces/sbai_protos/sbai_protos/direct_control_request.proto ---------
--------- Compiling ros2_interfaces/sbai_protos/sbai_protos/direct_control_response.proto ---------
--------- Compiling ros2_interfaces/sbai_protos/sbai_protos/direct_control_service.proto ---------
--------- Compiling ros2_interfaces/sbai_protos/sbai_protos/geo_point.proto ---------
--------- Compiling ros2_interfaces/sbai_protos/sbai_protos/joystick.proto ---------
--------- Compiling ros2_interfaces/sbai_protos/sbai_protos/line_formation_request.proto ---------
--------- Compiling ros2_interfaces/sbai_protos/sbai_protos/multi_waypoint_navigation_request.proto ---------
--------- Compiling ros2_interfaces/sbai_protos/sbai_protos/navigate_to_pose_request.proto ---------
--------- Compiling ros2_interfaces/sbai_protos/sbai_protos/patrol_request.proto ---------
--------- Compiling ros2_interfaces/sbai_protos/sbai_protos/payload_identity.proto ---------
--------- Compiling ros2_interfaces/sbai_protos/sbai_protos/payload_service.proto ---------
--------- Compiling ros2_interfaces/sbai_protos/sbai_protos/rally_request.proto ---------
--------- Compiling ros2_interfaces/sbai_protos/sbai_protos/surround_request.proto ---------
--------- Compiling ros2_interfaces/sbai_sensor_protos/sbai_sensor_protos/joy.proto ---------
--------- Compiling ros2_interfaces/sbai_std_protos/sbai_std_protos/header.proto ---------
--------- Compiling ros2_interfaces/sbai_std_protos/sbai_std_protos/string.proto ---------
--------- Compiling ros2_interfaces/sbai_swarm_discovery_protos/sbai_swarm_discovery_protos/shared_ecef_odometry.proto ---------
--------- Compiling ros2_interfaces/sbai_swarm_protos/sbai_swarm_protos/cbba_consensus_data_sbai.proto ---------
--------- Compiling ros2_interfaces/sbai_swarm_protos/sbai_swarm_protos/task_assignment_status.proto ---------
--------- Compiling ros2_interfaces/sbai_system_alert_protos/sbai_system_alert_protos/aggregated_table.proto ---------
--------- Compiling ros2_interfaces/sbai_tak_heartbeat_publisher_protos/sbai_tak_heartbeat_publisher_protos/to_tak_heartbeat.proto ---------
--------- Compiling ros2_interfaces/sbai_tak_protos/sbai_tak_protos/authentication_header.proto ---------
--------- Compiling ros2_interfaces/sbai_tak_protos/sbai_tak_protos/credentialed_behavior_control_command.proto ---------
--------- Compiling ros2_interfaces/sbai_tak_protos/sbai_tak_protos/credentialed_behavior_request.proto ---------
--------- Compiling ros2_interfaces/sbai_tak_protos/sbai_tak_protos/credentialed_boom_button_command.proto ---------
--------- Compiling ros2_interfaces/sbai_tak_protos/sbai_tak_protos/credentialed_cancel_behavior.proto ---------
--------- Compiling ros2_interfaces/sbai_tak_protos/sbai_tak_protos/credentialed_cortex_state_update.proto ---------
--------- Compiling ros2_interfaces/sbai_tak_protos/sbai_tak_protos/credentialed_joy.proto ---------
--------- Compiling ros2_interfaces/sbai_tak_protos/sbai_tak_protos/credentialed_parking_brake_command.proto ---------
--------- Compiling ros2_interfaces/sbai_tak_protos/sbai_tak_protos/session_event.proto ---------
--------- Compiling ros2_interfaces/sbai_tak_protos/sbai_tak_protos/session_request.proto ---------
--------- Compiling ros2_interfaces/sbai_task_assignment_protos/sbai_task_assignment_protos/cbba_consensus_data.proto ---------
--------- Compiling ros2_interfaces/sbai_task_assignment_protos/sbai_task_assignment_protos/task_assignment_status.proto ---------
--------- Compiling ros2_interfaces/sbai_task_assignment_protos/sbai_task_assignment_protos/update_iteration.proto ---------
--------- Compiling ros2_interfaces/sbai_task_assignment_protos/sbai_task_assignment_protos/winning_agent.proto ---------
--------- Compiling ros2_interfaces/sbai_task_assignment_protos/sbai_task_assignment_protos/winning_bid.proto ---------
--------- Compiling ros2_interfaces/sbai_task_protos/sbai_task_protos/behavior_status.proto ---------
--------- Compiling ros2_interfaces/sbai_task_protos/sbai_task_protos/task.proto ---------
